\BOOKMARK [0][-]{section*.2}{\376\377\000A\000\040\000H\000i\000e\000r\000a\000r\000c\000h\000i\000c\000a\000l\000\040\000S\000c\000a\000l\000i\000n\000g\000\040\000M\000o\000d\000e\000l\000\040\000f\000o\000r\000\040\000S\000o\000l\000v\000a\000t\000i\000o\000n\000\040\000E\000n\000e\000r\000g\000i\000e\000s\000\040\000i\000n\000\040\000A\000q\000u\000e\000o\000u\000s\000\040\000S\000y\000s\000t\000e\000m\000s}{}% 2
\BOOKMARK [1][-]{section*.1}{\376\377\000A\000b\000s\000t\000r\000a\000c\000t}{section*.2}% 1
\BOOKMARK [1][-]{section*.3}{\376\377\000I\000n\000t\000r\000o\000d\000u\000c\000t\000i\000o\000n}{section*.2}% 3
\BOOKMARK [1][-]{section*.4}{\376\377\000T\000h\000e\000o\000r\000e\000t\000i\000c\000a\000l\000\040\000F\000o\000u\000n\000d\000a\000t\000i\000o\000n}{section*.2}% 4
\BOOKMARK [2][-]{section*.5}{\376\377\000F\000o\000u\000n\000d\000a\000t\000i\000o\000n\000a\000l\000\040\000A\000x\000i\000o\000m\000s\000\040\000o\000f\000\040\000t\000h\000e\000\040\000H\000i\000e\000r\000a\000r\000c\000h\000i\000c\000a\000l\000\040\000M\000o\000d\000e\000l}{section*.4}% 5
\BOOKMARK [2][-]{section*.6}{\376\377\000H\000i\000e\000r\000a\000r\000c\000h\000i\000c\000a\000l\000\040\000S\000c\000a\000l\000i\000n\000g\000\040\000M\000e\000c\000h\000a\000n\000i\000s\000m}{section*.4}% 6
\BOOKMARK [2][-]{section*.7}{\376\377\000D\000i\000s\000c\000r\000e\000t\000e\000\040\000S\000t\000a\000t\000e\000\040\000M\000a\000c\000h\000i\000n\000e\000\040\000f\000o\000r\000\040\000I\000n\000t\000e\000r\000a\000c\000t\000i\000o\000n\000\040\000T\000r\000a\000c\000k\000i\000n\000g}{section*.4}% 7
\BOOKMARK [2][-]{section*.8}{\376\377\000E\000i\000g\000h\000t\000-\000D\000i\000m\000e\000n\000s\000i\000o\000n\000a\000l\000\040\000S\000y\000m\000m\000e\000t\000r\000y\000\040\000a\000n\000d\000\040\000P\000h\000a\000s\000e\000\040\000D\000y\000n\000a\000m\000i\000c\000s}{section*.4}% 8
\BOOKMARK [2][-]{section*.9}{\376\377\000C\000u\000r\000v\000a\000t\000u\000r\000e\000\040\000E\000f\000f\000e\000c\000t\000s\000\040\000i\000n\000\040\000I\000n\000t\000e\000r\000a\000c\000t\000i\000o\000n\000\040\000P\000o\000t\000e\000n\000t\000i\000a\000l\000s}{section*.4}% 9
\BOOKMARK [2][-]{section*.10}{\376\377\000M\000i\000n\000i\000m\000a\000l\000\040\000I\000n\000t\000e\000r\000a\000c\000t\000i\000o\000n\000\040\000R\000e\000g\000i\000m\000e\000s\000\040\000f\000o\000r\000\040\000S\000y\000m\000m\000e\000t\000r\000i\000c\000\040\000S\000y\000s\000t\000e\000m\000s}{section*.4}% 10
\BOOKMARK [1][-]{section*.11}{\376\377\000C\000o\000m\000p\000u\000t\000a\000t\000i\000o\000n\000a\000l\000\040\000I\000m\000p\000l\000e\000m\000e\000n\000t\000a\000t\000i\000o\000n}{section*.2}% 11
\BOOKMARK [2][-]{section*.12}{\376\377\000F\000r\000a\000m\000e\000w\000o\000r\000k\000\040\000A\000r\000c\000h\000i\000t\000e\000c\000t\000u\000r\000e}{section*.11}% 12
\BOOKMARK [2][-]{section*.13}{\376\377\000S\000o\000l\000v\000a\000t\000i\000o\000n\000\040\000E\000n\000e\000r\000g\000y\000\040\000M\000o\000d\000e\000l}{section*.11}% 13
\BOOKMARK [2][-]{section*.14}{\376\377\000p\000K\000a\000\040\000P\000r\000e\000d\000i\000c\000t\000i\000o\000n}{section*.11}% 14
\BOOKMARK [2][-]{section*.15}{\376\377\000V\000a\000l\000i\000d\000a\000t\000i\000o\000n\000\040\000T\000o\000o\000l\000s}{section*.11}% 15
\BOOKMARK [2][-]{section*.16}{\376\377\000S\000o\000f\000t\000w\000a\000r\000e\000\040\000I\000n\000f\000r\000a\000s\000t\000r\000u\000c\000t\000u\000r\000e}{section*.11}% 16
\BOOKMARK [1][-]{section*.17}{\376\377\000R\000e\000s\000u\000l\000t\000s}{section*.2}% 17
\BOOKMARK [2][-]{section*.18}{\376\377\000S\000o\000l\000v\000a\000t\000i\000o\000n\000\040\000E\000n\000e\000r\000g\000y\000\040\000P\000r\000e\000d\000i\000c\000t\000i\000o\000n\000s}{section*.17}% 18
\BOOKMARK [2][-]{section*.19}{\376\377\000p\000K\000a\000\040\000V\000a\000l\000i\000d\000a\000t\000i\000o\000n}{section*.17}% 19
\BOOKMARK [2][-]{section*.20}{\376\377\000M\000i\000n\000i\000m\000a\000l\000\040\000I\000n\000t\000e\000r\000a\000c\000t\000i\000o\000n\000\040\000C\000o\000n\000f\000i\000r\000m\000a\000t\000i\000o\000n}{section*.17}% 20
\BOOKMARK [2][-]{section*.21}{\376\377\000S\000c\000a\000l\000i\000n\000g\000\040\000a\000n\000d\000\040\000S\000e\000n\000s\000i\000t\000i\000v\000i\000t\000y\000\040\000A\000n\000a\000l\000y\000s\000i\000s}{section*.17}% 21
\BOOKMARK [2][-]{section*.22}{\376\377\000P\000e\000r\000f\000o\000r\000m\000a\000n\000c\000e\000\040\000B\000e\000n\000c\000h\000m\000a\000r\000k\000s}{section*.17}% 22
\BOOKMARK [2][-]{section*.23}{\376\377\000E\000x\000p\000a\000n\000d\000e\000d\000\040\000V\000a\000l\000i\000d\000a\000t\000i\000o\000n\000\040\000a\000n\000d\000\040\000B\000e\000n\000c\000h\000m\000a\000r\000k\000s}{section*.17}% 23
\BOOKMARK [1][-]{section*.24}{\376\377\000D\000i\000s\000c\000u\000s\000s\000i\000o\000n}{section*.2}% 24
\BOOKMARK [2][-]{section*.25}{\376\377\000I\000n\000t\000e\000r\000p\000r\000e\000t\000a\000t\000i\000o\000n\000\040\000o\000f\000\040\000R\000e\000s\000u\000l\000t\000s}{section*.24}% 25
\BOOKMARK [2][-]{section*.26}{\376\377\000L\000i\000m\000i\000t\000a\000t\000i\000o\000n\000s\000\040\000a\000n\000d\000\040\000I\000m\000p\000r\000o\000v\000e\000m\000e\000n\000t\000s}{section*.24}% 26
\BOOKMARK [2][-]{section*.27}{\376\377\000B\000r\000o\000a\000d\000e\000r\000\040\000I\000m\000p\000l\000i\000c\000a\000t\000i\000o\000n\000s}{section*.24}% 27
\BOOKMARK [2][-]{section*.28}{\376\377\000P\000h\000i\000l\000o\000s\000o\000p\000h\000i\000c\000a\000l\000\040\000a\000n\000d\000\040\000E\000t\000h\000i\000c\000a\000l\000\040\000C\000o\000n\000s\000i\000d\000e\000r\000a\000t\000i\000o\000n\000s}{section*.24}% 28
\BOOKMARK [1][-]{section*.29}{\376\377\000S\000u\000p\000p\000l\000e\000m\000e\000n\000t\000a\000r\000y\000\040\000I\000n\000f\000o\000r\000m\000a\000t\000i\000o\000n}{section*.2}% 29
\BOOKMARK [2][-]{section*.30}{\376\377\000D\000e\000t\000a\000i\000l\000e\000d\000\040\000E\000q\000u\000a\000t\000i\000o\000n\000s}{section*.29}% 30
\BOOKMARK [3][-]{section*.31}{\376\377\000D\000e\000r\000i\000v\000a\000t\000i\000o\000n\000\040\000o\000f\000\040\000H\000i\000e\000r\000a\000r\000c\000h\000i\000c\000a\000l\000\040\000S\000c\000a\000l\000i\000n\000g}{section*.30}% 31
\BOOKMARK [3][-]{section*.32}{\376\377\000S\000t\000a\000t\000e\000\040\000M\000a\000c\000h\000i\000n\000e\000\040\000O\000p\000c\000o\000d\000e\000s}{section*.30}% 32
\BOOKMARK [3][-]{section*.33}{\376\377\000E\000i\000g\000h\000t\000-\000D\000i\000m\000e\000n\000s\000i\000o\000n\000a\000l\000\040\000S\000y\000m\000m\000e\000t\000r\000y\000\040\000a\000n\000d\000\040\000P\000h\000a\000s\000e\000\040\000D\000y\000n\000a\000m\000i\000c\000s}{section*.30}% 33
\BOOKMARK [2][-]{section*.34}{\376\377\000C\000o\000d\000e\000\040\000S\000n\000i\000p\000p\000e\000t\000s}{section*.29}% 34
\BOOKMARK [2][-]{section*.35}{\376\377\000E\000x\000t\000e\000n\000d\000e\000d\000\040\000R\000e\000s\000u\000l\000t\000s}{section*.29}% 35
\BOOKMARK [2][-]{section*.36}{\376\377\000P\000a\000t\000e\000n\000t\000\040\000R\000e\000f\000e\000r\000e\000n\000c\000e\000s}{section*.29}% 36
\BOOKMARK [1][-]{section*.37}{\376\377\000C\000o\000n\000c\000l\000u\000s\000i\000o\000n}{section*.2}% 37
\BOOKMARK [1][-]{section*.38}{\376\377\000R\000e\000f\000e\000r\000e\000n\000c\000e\000s}{section*.2}% 38
