\BOOKMARK [1][-]{section.1}{\376\377\000I\000n\000t\000r\000o\000d\000u\000c\000t\000i\000o\000n}{}% 1
\BOOKMARK [2][-]{subsection.1.1}{\376\377\000R\000e\000a\000d\000e\000r\000'\000s\000\040\000G\000u\000i\000d\000e}{section.1}% 2
\BOOKMARK [2][-]{subsection.1.2}{\376\377\000W\000h\000a\000t\000\040\000i\000s\000\040\000N\000e\000w\000\040\000i\000n\000\040\000T\000h\000i\000s\000\040\000A\000p\000p\000r\000o\000a\000c\000h}{section.1}% 3
\BOOKMARK [1][-]{section.2}{\376\377\000P\000r\000o\000o\000f\000\040\000R\000o\000a\000d\000m\000a\000p\000\040\000a\000n\000d\000\040\000D\000e\000p\000e\000n\000d\000e\000n\000c\000y\000\040\000G\000r\000a\000p\000h}{}% 4
\BOOKMARK [2][-]{subsection.2.1}{\376\377\000M\000o\000d\000u\000l\000e\000\040\000D\000e\000p\000e\000n\000d\000e\000n\000c\000i\000e\000s}{section.2}% 5
\BOOKMARK [2][-]{subsection.2.2}{\376\377\000K\000e\000y\000\040\000I\000m\000p\000o\000r\000t\000e\000d\000\040\000R\000e\000s\000u\000l\000t\000s}{section.2}% 6
\BOOKMARK [2][-]{subsection.2.3}{\376\377\000C\000r\000i\000t\000i\000c\000a\000l\000\040\000P\000a\000t\000h\000\040\000t\000o\000\040\000R\000H}{section.2}% 7
\BOOKMARK [1][-]{section.3}{\376\377\000P\000h\000a\000s\000e\000\040\000I\000:\000\040\000T\000h\000e\000\040\000M\000a\000y\000e\000r\000\040\000O\000p\000e\000r\000a\000t\000o\000r\000\040\000a\000n\000d\000\040\000t\000h\000e\000\040\000L\000e\000d\000g\000e\000r\000\040\000C\000o\000r\000r\000e\000s\000p\000o\000n\000d\000e\000n\000c\000e}{}% 8
\BOOKMARK [2][-]{subsection.3.1}{\376\377\000T\000h\000e\000\040\000G\000a\000u\000s\000s\000-\000M\000a\000y\000e\000r\000\040\000T\000r\000a\000n\000s\000f\000e\000r\000\040\000O\000p\000e\000r\000a\000t\000o\000r}{section.3}% 9
\BOOKMARK [2][-]{subsection.3.2}{\376\377\000T\000h\000e\000\040\000L\000e\000d\000g\000e\000r\000-\000C\000F\000\040\000C\000o\000r\000r\000e\000s\000p\000o\000n\000d\000e\000n\000c\000e\000\040\000a\000n\000d\000\040\000a\000\040\000U\000n\000i\000q\000u\000e\000\040\000I\000m\000p\000e\000d\000a\000n\000c\000e}{section.3}% 10
\BOOKMARK [2][-]{subsection.3.3}{\376\377\000T\000h\000e\000\040\000M\000a\000y\000e\000r\000\040\000O\000p\000e\000r\000a\000t\000o\000r\000\040\000I\000n\000h\000e\000r\000i\000t\000s\000\040\000t\000h\000e\000\040\000L\000e\000d\000g\000e\000r\000\040\000I\000m\000p\000e\000d\000a\000n\000c\000e}{section.3}% 11
\BOOKMARK [2][-]{subsection.3.4}{\376\377\000R\000e\000s\000i\000d\000u\000a\000l\000\040\000d\000e\000t\000e\000r\000m\000i\000n\000a\000n\000t\000\040\000b\000o\000u\000n\000d\000\040\000o\000f\000f\000\040\000t\000h\000e\000\040\000c\000r\000i\000t\000i\000c\000a\000l\000\040\000l\000i\000n\000e}{section.3}% 12
\BOOKMARK [1][-]{section.4}{\376\377\000P\000h\000a\000s\000e\000\040\000I\000I\000:\000\040\000T\000h\000e\000\040\000S\000e\000l\000f\000-\000A\000d\000j\000o\000i\000n\000t\000\040\000H\000a\000m\000i\000l\000t\000o\000n\000i\000a\000n\000\040\000a\000n\000d\000\040\000F\000u\000n\000c\000t\000i\000o\000n\000a\000l\000\040\000E\000q\000u\000a\000t\000i\000o\000n}{}% 13
\BOOKMARK [2][-]{subsection.4.1}{\376\377\000P\000a\000r\000i\000t\000y\000-\0008\000\040\000B\000l\000o\000c\000k\000\040\000D\000e\000c\000o\000m\000p\000o\000s\000i\000t\000i\000o\000n}{section.4}% 14
\BOOKMARK [2][-]{subsection.4.2}{\376\377\000T\000h\000e\000\040\000S\000e\000l\000f\000-\000A\000d\000j\000o\000i\000n\000t\000\040\000B\000r\000a\000i\000d\000\040\000O\000p\000e\000r\000a\000t\000o\000r}{section.4}% 15
\BOOKMARK [2][-]{subsection.4.3}{\376\377\000T\000h\000e\000\040\000F\000u\000n\000c\000t\000i\000o\000n\000a\000l\000\040\000E\000q\000u\000a\000t\000i\000o\000n}{section.4}% 16
\BOOKMARK [1][-]{section.5}{\376\377\000P\000h\000a\000s\000e\000\040\000I\000I\000I\000:\000\040\000A\000\040\000D\000o\000l\000g\000o\000p\000y\000a\000t\040\023\000N\000a\000u\000d\000\040\000S\000p\000e\000c\000t\000r\000a\000l\040\023\000G\000a\000p\000\040\000E\000s\000t\000i\000m\000a\000t\000e\000\040\000o\000n\000\040\000b\000o\000l\000d\0000\000m\000u\000\040\000m\000u\000m\000u\000\040\000B\000,\000B\000,\000p\000r\000o\000g\000r\000a\000m\000@\000e\000p\000s\000t\000o\000p\000d\000f\000B\000,\000B\000,\000B\000,\000B\000,}{}% 17
\BOOKMARK [2][-]{subsection.5.1}{\376\377\000S\000t\000a\000t\000e\000m\000e\000n\000t\000\040\000o\000f\000\040\000t\000h\000e\000\040\000t\000h\000e\000o\000r\000e\000m}{section.5}% 18
\BOOKMARK [2][-]{subsection.5.2}{\376\377\000P\000r\000e\000p\000a\000r\000a\000t\000o\000r\000y\000\040\000l\000e\000m\000m\000a\000s}{section.5}% 19
\BOOKMARK [2][-]{subsection.5.3}{\376\377\000P\000r\000o\000o\000f\000\040\000o\000f\000\040\000T\000h\000e\000o\000r\000e\000m\000\040\0005\000.\0001}{section.5}% 20
\BOOKMARK [2][-]{subsection.5.4}{\376\377\000C\000o\000n\000s\000e\000q\000u\000e\000n\000c\000e\000s}{section.5}% 21
\BOOKMARK [2][-]{subsection.5.5}{\376\377\000T\000h\000e\000\040\000M\000a\000i\000n\000\040\000T\000h\000e\000o\000r\000e\000m}{section.5}% 22
\BOOKMARK [1][-]{section.6}{\376\377\000C\000o\000m\000p\000u\000t\000a\000t\000i\000o\000n\000a\000l\000\040\000C\000o\000n\000s\000i\000d\000e\000r\000a\000t\000i\000o\000n\000s\000\040\000a\000n\000d\000\040\000E\000x\000p\000l\000i\000c\000i\000t\000\040\000B\000o\000u\000n\000d\000s}{}% 23
\BOOKMARK [2][-]{subsection.6.1}{\376\377\000E\000f\000f\000e\000c\000t\000i\000v\000e\000\040\000C\000o\000n\000s\000t\000a\000n\000t\000s\000\040\000a\000n\000d\000\040\000T\000h\000r\000e\000s\000h\000o\000l\000d\000s}{section.6}% 24
\BOOKMARK [2][-]{subsection.6.2}{\376\377\000A\000l\000g\000o\000r\000i\000t\000h\000m\000i\000c\000\040\000I\000m\000p\000l\000e\000m\000e\000n\000t\000a\000t\000i\000o\000n}{section.6}% 25
\BOOKMARK [2][-]{subsection.6.3}{\376\377\000N\000u\000m\000e\000r\000i\000c\000a\000l\000\040\000V\000e\000r\000i\000f\000i\000c\000a\000t\000i\000o\000n\000\040\000P\000r\000o\000t\000o\000c\000o\000l\000s}{section.6}% 26
\BOOKMARK [1][-]{section.7}{\376\377\000E\000x\000t\000e\000n\000s\000i\000o\000n\000s\000\040\000a\000n\000d\000\040\000G\000e\000n\000e\000r\000a\000l\000i\000z\000a\000t\000i\000o\000n\000s}{}% 27
\BOOKMARK [2][-]{subsection.7.1}{\376\377\000H\000i\000g\000h\000e\000r\000-\000R\000a\000n\000k\000\040\000L\000-\000F\000u\000n\000c\000t\000i\000o\000n\000s}{section.7}% 28
\BOOKMARK [2][-]{subsection.7.2}{\376\377\000C\000o\000n\000n\000e\000c\000t\000i\000o\000n\000s\000\040\000t\000o\000\040\000R\000a\000n\000d\000o\000m\000\040\000M\000a\000t\000r\000i\000x\000\040\000T\000h\000e\000o\000r\000y}{section.7}% 29
\BOOKMARK [1][-]{section.8}{\376\377\000C\000o\000n\000c\000l\000u\000s\000i\000o\000n}{}% 30
\BOOKMARK [2][-]{subsection.8.1}{\376\377\000M\000a\000t\000h\000e\000m\000a\000t\000i\000c\000a\000l\000\040\000A\000c\000h\000i\000e\000v\000e\000m\000e\000n\000t\000s}{section.8}% 31
\BOOKMARK [2][-]{subsection.8.2}{\376\377\000T\000e\000c\000h\000n\000i\000c\000a\000l\000\040\000I\000n\000n\000o\000v\000a\000t\000i\000o\000n\000s}{section.8}% 32
\BOOKMARK [2][-]{subsection.8.3}{\376\377\000V\000e\000r\000i\000f\000i\000c\000a\000t\000i\000o\000n\000\040\000a\000n\000d\000\040\000R\000i\000g\000o\000r}{section.8}% 33
\BOOKMARK [2][-]{subsection.8.4}{\376\377\000I\000m\000p\000a\000c\000t\000\040\000a\000n\000d\000\040\000F\000u\000t\000u\000r\000e\000\040\000D\000i\000r\000e\000c\000t\000i\000o\000n\000s}{section.8}% 34
\BOOKMARK [1][-]{section.9}{\376\377\000F\000o\000r\000m\000a\000l\000\040\000V\000e\000r\000i\000f\000i\000c\000a\000t\000i\000o\000n\000\040\000a\000n\000d\000\040\000E\000r\000r\000o\000r\000\040\000A\000n\000a\000l\000y\000s\000i\000s}{}% 35
\BOOKMARK [2][-]{subsection.9.1}{\376\377\000C\000o\000m\000p\000l\000e\000t\000e\000\040\000E\000r\000r\000o\000r\000\040\000P\000r\000o\000p\000a\000g\000a\000t\000i\000o\000n\000\040\000A\000n\000a\000l\000y\000s\000i\000s}{section.9}% 36
\BOOKMARK [2][-]{subsection.9.2}{\376\377\000L\000e\000a\000n\000\040\0004\000\040\000F\000o\000r\000m\000a\000l\000i\000z\000a\000t\000i\000o\000n\000\040\000F\000r\000a\000m\000e\000w\000o\000r\000k}{section.9}% 37
\BOOKMARK [2][-]{subsection.9.3}{\376\377\000C\000o\000m\000p\000u\000t\000a\000t\000i\000o\000n\000a\000l\000\040\000C\000o\000m\000p\000l\000e\000x\000i\000t\000y\000\040\000A\000n\000a\000l\000y\000s\000i\000s}{section.9}% 38
\BOOKMARK [2][-]{subsection.9.4}{\376\377\000R\000i\000g\000o\000r\000o\000u\000s\000\040\000I\000n\000t\000e\000r\000v\000a\000l\000\040\000A\000r\000i\000t\000h\000m\000e\000t\000i\000c\000\040\000B\000o\000u\000n\000d\000s}{section.9}% 39
\BOOKMARK [1][-]{appendix.A}{\376\377\000C\000o\000m\000p\000l\000e\000t\000e\000\040\000S\000p\000e\000c\000t\000r\000a\000l\000\040\000A\000n\000a\000l\000y\000s\000i\000s\000\040\000F\000r\000a\000m\000e\000w\000o\000r\000k}{}% 40
\BOOKMARK [2][-]{subsection.A.1}{\376\377\000E\000n\000h\000a\000n\000c\000e\000d\000\040\000S\000c\000h\000u\000r\000\040\000T\000e\000s\000t\000\040\000A\000n\000a\000l\000y\000s\000i\000s}{appendix.A}% 41
\BOOKMARK [2][-]{subsection.A.2}{\376\377\000C\000o\000m\000p\000l\000e\000t\000e\000\040\000V\000a\000n\000\040\000d\000e\000r\000\040\000C\000o\000r\000p\000u\000t\000\040\000A\000n\000a\000l\000y\000s\000i\000s}{appendix.A}% 42
\BOOKMARK [1][-]{appendix.B}{\376\377\000C\000o\000m\000p\000l\000e\000x\000\040\000L\000a\000s\000o\000t\000a\000-\000Y\000o\000r\000k\000e\000\040\000C\000o\000n\000s\000t\000a\000n\000t\000s}{}% 43
\BOOKMARK [2][-]{subsection.B.1}{\376\377\000D\000i\000s\000t\000o\000r\000t\000i\000o\000n\000\040\000E\000s\000t\000i\000m\000a\000t\000e\000s}{appendix.B}% 44
\BOOKMARK [2][-]{subsection.B.2}{\376\377\000R\000e\000a\000l\000\040\000P\000a\000r\000a\000m\000e\000t\000e\000r\000\040\000C\000a\000s\000e}{appendix.B}% 45
\BOOKMARK [2][-]{subsection.B.3}{\376\377\000L\000a\000r\000g\000e\000\040\000|\000t\000|\000\040\000D\000o\000l\000g\000o\000p\000y\000a\000t\000\040\000E\000s\000t\000i\000m\000a\000t\000e}{appendix.B}% 46
\BOOKMARK [2][-]{subsection.B.4}{\376\377\000S\000m\000a\000l\000l\000\040\000|\000t\000|\000\040\000C\000o\000m\000p\000a\000c\000t\000n\000e\000s\000s\000\040\000A\000r\000g\000u\000m\000e\000n\000t}{appendix.B}% 47
\BOOKMARK [2][-]{subsection.B.5}{\376\377\000E\000x\000p\000l\000i\000c\000i\000t\000\040\000C\000o\000n\000s\000t\000a\000n\000t\000\040\000D\000e\000r\000i\000v\000a\000t\000i\000o\000n}{appendix.B}% 48
\BOOKMARK [1][-]{appendix.C}{\376\377\000A\000n\000a\000l\000y\000t\000i\000c\000\040\000C\000o\000n\000t\000i\000n\000u\000a\000t\000i\000o\000n\000\040\000o\000f\000\040\000t\000h\000e\000\040\000H\000a\000n\000k\000e\000l\000\040\000D\000e\000t\000e\000r\000m\000i\000n\000a\000n\000t}{}% 49
\BOOKMARK [2][-]{subsection.C.1}{\376\377\000O\000p\000e\000r\000a\000t\000o\000r\000\040\000S\000e\000t\000u\000p}{appendix.C}% 50
\BOOKMARK [2][-]{subsection.C.2}{\376\377\000H\000i\000l\000b\000e\000r\000t\000-\000C\000a\000r\000l\000e\000m\000a\000n\000\040\000D\000e\000t\000e\000r\000m\000i\000n\000a\000n\000t\000\040\000a\000n\000d\000\040\000R\000e\000g\000u\000l\000a\000r\000i\000s\000a\000t\000i\000o\000n}{appendix.C}% 51
\BOOKMARK [3][-]{subsubsection.C.2.1}{\376\377\000E\000x\000p\000l\000i\000c\000i\000t\000\040\000S\0002\000-\000n\000o\000r\000m\000\040\000o\000f\000\040\000H\000"\0000\0003\0006\0005\000H\000s}{subsection.C.2}% 52
\BOOKMARK [2][-]{subsection.C.3}{\376\377\000P\000e\000l\000l\000e\000r\000\040\000S\000y\000m\000b\000o\000l\000\040\000C\000a\000l\000c\000u\000l\000u\000s\000\040\000f\000o\000r\000\040\000H\000a\000n\000k\000e\000l\000\040\000O\000p\000e\000r\000a\000t\000o\000r\000s}{appendix.C}% 53
\BOOKMARK [3][-]{subsubsection.C.3.1}{\376\377\000B\000e\000t\000a\000-\000f\000u\000n\000c\000t\000i\000o\000n\000\040\000c\000a\000l\000c\000u\000l\000a\000t\000i\000o\000n\000\040\000o\000f\000\040\000t\000h\000e\000\040\000P\000e\000l\000l\000e\000r\000\040\000i\000n\000t\000e\000g\000r\000a\000l}{subsection.C.3}% 54
\BOOKMARK [2][-]{subsection.C.4}{\376\377\000P\000o\000l\000e\000\040\000S\000t\000r\000u\000c\000t\000u\000r\000e\000\040\000a\000n\000d\000\040\000R\000e\000s\000i\000d\000u\000e\000s}{appendix.C}% 55
\BOOKMARK [3][-]{subsubsection.C.4.1}{\376\377\000R\000e\000s\000i\000d\000u\000e\000\040\000c\000h\000e\000c\000k\000\040\000a\000t\000\040\000s\000=\0000}{subsection.C.4}% 56
\BOOKMARK [2][-]{subsection.C.5}{\376\377\000N\000u\000c\000l\000e\000a\000r\000i\000t\000y\000\040\000F\000r\000a\000m\000e\000w\000o\000r\000k\000\040\000C\000h\000o\000i\000c\000e\000\040\000\050\000G\000a\000p\000\040\000A\0003\000\051}{appendix.C}% 57
\BOOKMARK [3][-]{subsubsection.C.5.1}{\376\377\000D\000e\000c\000i\000s\000i\000o\000n\000:\000\040\000R\000e\000m\000a\000i\000n\000\040\000i\000n\000\040\000M\000a\000y\000e\000r\000'\000s\000\040\000B\000\040\000S\000p\000a\000c\000e}{subsection.C.5}% 58
\BOOKMARK [3][-]{subsubsection.C.5.2}{\376\377\000N\000u\000c\000l\000e\000a\000r\000i\000t\000y\000\040\000P\000r\000o\000o\000f\000\040\000i\000n\000\040\000B}{subsection.C.5}% 59
\BOOKMARK [3][-]{subsubsection.C.5.3}{\376\377\000C\000o\000n\000s\000e\000q\000u\000e\000n\000c\000e\000s\000\040\000f\000o\000r\000\040\000t\000h\000e\000\040\000M\000a\000i\000n\000\040\000P\000r\000o\000o\000f}{subsection.C.5}% 60
\BOOKMARK [1][-]{appendix.D}{\376\377\000R\000e\000g\000u\000l\000a\000r\000i\000s\000e\000d\000\040\000D\000e\000t\000e\000r\000m\000i\000n\000a\000n\000t\000\040\000f\000o\000r\000\040\000t\000h\000e\000\040\000C\000o\000m\000p\000l\000e\000t\000e\000\040\000O\000p\000e\000r\000a\000t\000o\000r}{}% 61
\BOOKMARK [2][-]{subsection.D.1}{\376\377\000H\000i\000l\000b\000e\000r\000t\040\023\000C\000a\000r\000l\000e\000m\000a\000n\000\040\000d\000e\000t\000e\000r\000m\000i\000n\000a\000n\000t}{appendix.D}% 62
\BOOKMARK [2][-]{subsection.D.2}{\376\377\000D\000e\000f\000i\000n\000i\000t\000i\000o\000n\000\040\000o\000f\000\040\000t\000h\000e\000\040\000r\000e\000g\000u\000l\000a\000r\000i\000s\000e\000d\000\040\000d\000e\000t\000e\000r\000m\000i\000n\000a\000n\000t}{appendix.D}% 63
\BOOKMARK [2][-]{subsection.D.3}{\376\377\000S\000u\000m\000m\000a\000r\000y\000\040\000o\000f\000\040\000G\000a\000p\000\040\000A\0003\000\040\000R\000e\000s\000o\000l\000u\000t\000i\000o\000n}{appendix.D}% 64
\BOOKMARK [1][-]{appendix.E}{\376\377\000D\000o\000l\000g\000o\000p\000y\000a\000t\000\040\000E\000s\000t\000i\000m\000a\000t\000e\000\040\000o\000n\000\040\000W\000e\000i\000g\000h\000t\000e\000d\000\040\000B\000a\000n\000a\000c\000h\000\040\000S\000p\000a\000c\000e\000s}{}% 65
\BOOKMARK [2][-]{subsection.E.1}{\376\377\000A\000b\000s\000t\000r\000a\000c\000t}{appendix.E}% 66
\BOOKMARK [2][-]{subsection.E.2}{\376\377\000I\000n\000t\000r\000o\000d\000u\000c\000t\000i\000o\000n}{appendix.E}% 67
\BOOKMARK [1][-]{appendix.F}{\376\377\000W\000e\000i\000g\000h\000t\000e\000d\000\040\000B\000a\000n\000a\000c\000h\000\040\000s\000p\000a\000c\000e\000\040\000w\000i\000t\000h\000\040\000e\000x\000p\000o\000n\000e\000n\000t\000i\000a\000l\000\040\000d\000e\000c\000a\000y}{}% 68
\BOOKMARK [2][-]{subsection.F.1}{\376\377\000B\000a\000s\000i\000c\000\040\000e\000m\000b\000e\000d\000d\000i\000n\000g\000s}{appendix.F}% 69
\BOOKMARK [2][-]{subsection.F.2}{\376\377\000T\000r\000a\000n\000s\000f\000e\000r\000\040\000o\000p\000e\000r\000a\000t\000o\000r\000\040\000o\000n\000\040\000B\000,}{appendix.F}% 70
\BOOKMARK [2][-]{subsection.F.3}{\376\377\000T\000r\000a\000n\000s\000f\000e\000r\000\040\000O\000p\000e\000r\000a\000t\000o\000r}{appendix.F}% 71
\BOOKMARK [2][-]{subsection.F.4}{\376\377\000T\000a\000i\000l\000\040\000E\000s\000t\000i\000m\000a\000t\000e}{appendix.F}% 72
\BOOKMARK [2][-]{subsection.F.5}{\376\377\000F\000i\000n\000i\000t\000e\000-\000B\000r\000a\000n\000c\000h\000\040\000E\000s\000t\000i\000m\000a\000t\000e}{appendix.F}% 73
\BOOKMARK [2][-]{subsection.F.6}{\376\377\000A\000\040\000c\000o\000m\000p\000l\000e\000t\000e\000\040\000D\000o\000l\000g\000o\000p\000y\000a\000t\000\040\000b\000o\000u\000n\000d\000\040\000o\000n\000\040\000t\000h\000e\000\040\000e\000x\000p\000o\000n\000e\000n\000t\000i\000a\000l\000l\000y\040\023\000w\000e\000i\000g\000h\000t\000e\000d\000\040\000s\000p\000a\000c\000e}{appendix.F}% 74
\BOOKMARK [1][-]{appendix.G}{\376\377\000Q\000u\000a\000n\000t\000i\000t\000a\000t\000i\000v\000e\000\040\000N\000o\000n\000-\000N\000o\000r\000m\000a\000l\000\040\000S\000p\000e\000c\000t\000r\000a\000l\000\040\000P\000e\000r\000t\000u\000r\000b\000a\000t\000i\000o\000n}{}% 75
\BOOKMARK [2][-]{subsection.G.1}{\376\377\000C\000o\000m\000p\000a\000c\000t\000\040\000O\000p\000e\000r\000a\000t\000o\000r\000\040\000P\000s\000e\000u\000d\000o\000s\000p\000e\000c\000t\000r\000a\000l\000\040\000F\000r\000a\000m\000e\000w\000o\000r\000k}{appendix.G}% 76
\BOOKMARK [2][-]{subsection.G.2}{\376\377\000R\000e\000s\000o\000l\000v\000e\000n\000t\000\040\000b\000o\000u\000n\000d\000\040\000f\000o\000r\000\040\000t\000h\000e\000\040\000u\000n\000p\000e\000r\000t\000u\000r\000b\000e\000d\000\040\000o\000p\000e\000r\000a\000t\000o\000r}{appendix.G}% 77
\BOOKMARK [2][-]{subsection.G.3}{\376\377\000C\000o\000m\000p\000a\000c\000t\000\040\000O\000p\000e\000r\000a\000t\000o\000r\000\040\000P\000s\000e\000u\000d\000o\000s\000p\000e\000c\000t\000r\000a\000l\000\040\000G\000a\000p}{appendix.G}% 78
\BOOKMARK [2][-]{subsection.G.4}{\376\377\000A\000n\000\040\000e\000x\000p\000l\000i\000c\000i\000t\000\040\000O\000\050\0002\000\051\000\040\000b\000o\000u\000n\000d\000\040\000f\000o\000r\000\040\000t\000h\000e\000\040\000p\000e\000r\000t\000u\000r\000b\000a\000t\000i\000o\000n}{appendix.G}% 79
\BOOKMARK [2][-]{subsection.G.5}{\376\377\000B\000o\000u\000l\000t\000o\000n\000-\000T\000r\000e\000f\000e\000t\000h\000e\000n\000\040\000F\000u\000n\000c\000t\000i\000o\000n\000a\000l\000\040\000C\000a\000l\000c\000u\000l\000u\000s}{appendix.G}% 80
\BOOKMARK [1][-]{appendix.H}{\376\377\000G\000a\000p\000-\000A\000u\000d\000i\000t\000\040\000A\000p\000p\000e\000n\000d\000i\000x\000:\000\040\000C\000r\000i\000t\000i\000c\000a\000l\000\040\000L\000i\000n\000e\000\040\000P\000a\000s\000s\000a\000g\000e}{}% 81
\BOOKMARK [2][-]{subsection.H.1}{\376\377\000C\000r\000i\000t\000i\000c\000a\000l\000\040\000P\000a\000s\000s\000a\000g\000e\000s\000\040\000R\000e\000q\000u\000i\000r\000i\000n\000g\000\040\000S\000p\000e\000c\000i\000a\000l\000\040\000C\000a\000r\000e}{appendix.H}% 82
\BOOKMARK [2][-]{subsection.H.2}{\376\377\000T\000e\000c\000h\000n\000i\000q\000u\000e\000s\000\040\000T\000h\000a\000t\000\040\000A\000v\000o\000i\000d\000\040\000H\000i\000d\000d\000e\000n\000\040\000A\000s\000s\000u\000m\000p\000t\000i\000o\000n\000s}{appendix.H}% 83
\BOOKMARK [2][-]{subsection.H.3}{\376\377\000V\000e\000r\000i\000f\000i\000c\000a\000t\000i\000o\000n\000\040\000C\000h\000e\000c\000k\000l\000i\000s\000t}{appendix.H}% 84
\BOOKMARK [1][-]{appendix.I}{\376\377\000S\000a\000n\000i\000t\000y\000\040\000C\000h\000e\000c\000k\000:\000\040\000R\000e\000c\000o\000v\000e\000r\000y\000\040\000o\000f\000\040\000C\000l\000a\000s\000s\000i\000c\000a\000l\000\040\000R\000e\000s\000u\000l\000t\000s}{}% 85
\BOOKMARK [2][-]{subsection.I.1}{\376\377\000Z\000e\000r\000o\000-\000F\000r\000e\000e\000\040\000R\000e\000g\000i\000o\000n}{appendix.I}% 86
\BOOKMARK [2][-]{subsection.I.2}{\376\377\000P\000r\000i\000m\000e\000\040\000N\000u\000m\000b\000e\000r\000\040\000T\000h\000e\000o\000r\000e\000m}{appendix.I}% 87
\BOOKMARK [1][-]{appendix.J}{\376\377\000C\000o\000n\000c\000l\000u\000s\000i\000o\000n}{}% 88
\BOOKMARK [2][-]{subsection.J.1}{\376\377\000S\000u\000m\000m\000a\000r\000y\000\040\000o\000f\000\040\000t\000h\000e\000\040\000P\000r\000o\000o\000f\000\040\000A\000r\000c\000h\000i\000t\000e\000c\000t\000u\000r\000e}{appendix.J}% 89
